Case #1:
0.5
0.5
0.5
Case #2:
0.6458333333333333
0.3680555555555555
0.6041666666666666
0.3958333333333333
Case #3:
0.47166648916281795
0.5177579451486171
0.5210939885994069
0.5204456530696263
0.4842834760533477
0.39268663607882365
0.5282163459320053
0.5010118835295935
0.5137811225528605
0.5339859362875017
0.5202102093703648
0.5601459568035866
0.4811236953313577
0.5269109747469778
0.5597298863229703
0.5181652134725101
0.40320434289651574
0.4915516730577131
0.5211896805089233
0.5125645026314081
0.5157276475960727
0.5229694875101691
0.47651220937316185
0.4651042122205222
0.5023702880703881
0.5182047181407002
0.5032303618592613
0.5397866660596101
0.5311855298321505
0.5234333125252124
0.4958526049615544
0.4610602586182071
0.497983450847919
0.5577662106568573
0.48649789131469073
0.5410166939765104
0.5247459818259257
0.40616540208950946
0.5213207248866136
0.5398590649671209
0.4891251691162953
0.46832464651419736
0.5224516487909159
0.5204418543041197
0.5264139255453586
0.5194015722850658
0.42180260944209247
0.48537432194864316
0.5305386585758625
0.47735093671425244
0.4032604250549708
0.4702420790670003
0.49124245922040766
0.5240363173488654
0.5406229187165063
0.4969244309344911
0.5325189986830937
0.4686708819044521
0.4626571521792152
0.5001947952456703
0.5222616420085202
0.5572890002884664
0.5225542339071845
0.5403972615982197
0.5233646548444397
0.4666462488276161
0.4697546609086872
0.5223706698476701
0.4307631076409735
0.3977288299202138
0.4856251345528067
0.5067882336896739
0.5315406064162338
0.5412962684353759
0.5311653261564826
0.5344032552940946
0.515335415217895
0.4026428007554892
0.5027438590793102
0.3999997437511008
0.5383245021498284
Case #4:
0.47423398155093444
0.4838401047472768
0.5124434803260873
0.5167908249750317
0.55630201471048
0.5316758848264602
0.5175114658284482
0.42024022367145814
0.5532079946154586
0.510588564388657
0.5328863590928522
0.5422124410839599
0.5403093108478864
0.4037380080919748
0.5167745597237827
0.45901241881238997
0.43129648078776367
0.514605828487416
0.5235703031297303
0.5429157488298666
0.48231327992790507
0.5245951708200687
0.4359397444078175
0.48208783636399877
0.4528081671822146
0.5677233321936208
0.5148934270696094
0.5061788946353865
0.550828703375748
0.5382950463694746
0.5220161051603721
0.5055807226421731
0.5407219994044722
0.5105108005004763
0.5347727621458197
0.5185286939554422
0.5081299030246872
0.45026106092671764
0.5547497848690374
0.470987320023722
0.5083388199029049
0.5113204118074559
0.5284178672030821
0.5094329972717384
0.4222048050783125
0.5480591840665282
0.4045820794073508
0.4747655558223432
0.5203360076840269
0.41829394175887313
0.48102453014067825
0.398831674983169
0.5275648474679855
0.5122257385232878
0.5440533511099356
0.5258825610465725
0.5394495855425955
0.5348580911407328
0.5099625798932448
0.4983491527904006
0.42314350016764535
0.5324901970400139
0.49568420577246863
0.49768822827774806
0.5634928946585746
0.5562328793422046
0.5172338187406944
0.5413083272324223
0.4921715828268974
0.5297242308020824
0.5065102092982585
0.49704769813691835
0.5283000575315301
0.4313801379360975
0.5254999059455233
0.41351362361697025
0.437766146245798
0.5059265971874674
0.3814050062513996
0.5193756877566719
0.3999485508969074
0.4252647003707133
0.5510632050490507
0.5638382358061571
0.4787904643039383
0.5260862927755168
Case #5:
0.5175043950291082
0.5298347782568062
0.49432493667747757
0.5187865357275666
0.44252250634446855
0.5114974859867926
0.5525430850535742
0.45442421498046004
0.5198951364489679
0.5032829368546361
0.4727267459505131
0.5609122262048307
0.4751953721257216
0.4655335666646823
0.5447860057227807
0.5065844393381498
0.500294870112828
0.507561119235071
0.5326359528679662
0.4442161902308136
0.5347930001512737
0.47267309990305484
0.5372616406343291
0.5072936263737049
0.4884393568322059
0.37760484224638896
0.5566707920668255
0.4226774556803126
0.49757303269803865
0.550016806842667
0.5409645588230783
0.5330300285685673
0.49676718356795
0.4450843804039856
0.5285824618618451
0.5335942562826498
0.5022114167796754
0.5450485224402251
0.5142056628539601
0.4259674926065059
0.5203102345194828
0.38147921383933503
0.5291965818147183
Case #6:
0.4613806831274596
0.5029717924168327
0.5248817691036844
0.5768930465135427
0.46994596196088284
0.46484375947892265
0.560049490371239
0.449505590424805
0.5291962709892768
0.4833736293294142
0.5404440842692092
0.5684908857008822
0.5184402936947023
0.4648950447338709
0.5014132247534469
0.44242498120670964
0.5577620324149009
0.5341051177820801
0.4912926681185449
0.5433391992784704
0.580784854646956
0.5286997224169544
0.40228482720910924
0.48798306294810023
0.47807600285616114
0.5360484574436897
0.41323052199006083
0.5078004212021019
0.5069129121218554
0.4906193988070039
0.5772352073705507
0.4175606640404743
0.38333141267331616
0.47496411081462386
0.5438423824186138
0.5252538858834356
0.5106632269427761
0.4796568137202398
Case #7:
0.5159520238346479
0.48849015834670617
0.45532015863814806
0.5081451434511557
0.5416289183338183
0.4240657782816792
0.5211339959562156
0.48733121420354764
0.44841509191783857
0.49858907658777973
0.4319985298062706
0.388571775803286
0.520947986878828
0.5510387664463704
0.5426251702457225
0.5216092341762248
0.5113521216962459
0.47321459168337343
0.500792614752759
0.39703804953132416
0.500426183188497
0.4961317641905071
0.5369359553444694
0.5562446210183368
0.5096521999732725
0.42179422564150804
0.513619042010707
0.5011056436800445
0.4738227310877004
0.4231122709821971
0.5149866121419311
0.5067659031435376
0.5042981882892469
0.5111022542114598
0.5258298877334124
0.5116910440091302
0.46695863562927076
0.5497024385351753
0.5071375204518789
0.5382790573507634
0.5161930467379248
0.5328492931746349
0.5022773172407067
0.5237512099249941
0.5005985881106275
0.5307520303695402
0.5092620747576803
0.39275974735800223
0.49847673163931866
0.5493151821697779
0.5143820557530941
0.5196809211555329
0.4878566939167299
0.4495653479712721
0.5289459248723403
0.5260044343136325
0.4130636482565163
0.5322061903122749
0.5520615005747878
0.4675419389157127
0.5365950328076781
0.5336424835527931
0.47467801868472936
0.4810012700932285
0.5659960345311816
0.49594921865582814
0.5091467722349754
0.49572368721264304
0.5339103905890229
0.47672595283511554
0.530339872991184
0.5247273130656722
0.44912770257789303
0.4801086267607304
0.4874158670018603
0.5400672107517714
0.48688252696551526
0.4646309672013257
0.5287036585433627
0.5366058397009686
0.5589146691880824
0.49441696794915313
0.4563768622737145
0.4982857275720403
0.46193310058233267
0.5433819082544716
0.4852053509754204
0.5313474400116235
0.4716400169688363
0.530311930639086
0.5452666003115758
0.5207518847174143
0.5176988630803682
0.4971772197536555
0.4754841936430177
0.5263578805736566
0.5380023417161522
0.5233799724621806
0.5000436562434801
0.4505770690710965
Case #8:
0.5475422586355831
0.5697659314338204
0.5168169996972167
0.4904001189101752
0.45407098409882546
0.4800677914010971
0.5412686648829473
0.4473510188384278
0.4823232377960897
0.5432248191177014
0.5344311467110519
0.46171977946914966
0.41359815245744
0.49923247083105227
0.47294531145719676
0.4793657370106895
0.5674686283758168
0.4812243662338685
0.49766341381698703
0.4160604570808025
0.5393056923213866
0.41853932640343733
0.5244057688567584
0.5083079464537189
0.5185922464803372
0.4228389699636508
0.5216521827105773
0.4097265480432495
0.5353418786593064
0.5173381043330721
0.44038985246063567
0.5393171112238766
0.5109245987332846
0.538897295858929
0.5107782720818658
0.5271554689414459
0.5402135044785805
0.521280138701064
0.5473876605574112
0.5468561225773857
0.4732038946424097
0.5128536890083198
0.5542885872883423
0.4762921879321316
0.5318664753848822
0.5395066227465658
0.49762218736937214
0.521631639106588
0.5056357049441691
0.5410740216664418
0.5307025182450913
0.4885228628375464
0.41676276911116966
0.4827399345641745
0.48840766105465455
0.49258949319288525
0.48043787485656314
0.5070042863498287
0.5256761562508873
0.49858273025941674
0.5066727368858494
0.47661770765703615
0.49852228743732646
0.5338452224029141
0.49675247842441694
0.5019101013365755
0.4758361235263471
0.5115326489672464
0.5166406964689529
0.46376811893159997
0.45223986530771243
0.4477516027933306
0.5372438394654261
0.46025234156715683
0.5216741729228093
0.5117094445394013
0.40755434823001246
0.5229684565165791
0.5324772068398349
0.45916851975724726
0.46241762306817513
0.5371174561351888
0.5195876075094467
0.4968797177276383
0.48713107901118147
0.5269290401409935
0.4940754236241323
0.4790970790156311
0.47599763952989105
0.43079153377097384
0.5239793323464365
0.5459895424710787
0.5479982847785968
0.43739466132383914
0.557613624441005
0.5386231620345939
Case #9:
0.4850600121649431
0.4008842695215955
0.49575809024909484
0.5267415637495373
0.43573105854849326
0.554461247943232
0.41834427031111177
0.4956837806409655
0.520420342726924
0.5600162076863787
0.4841331516173027
0.4391704684822503
0.5791324426786812
0.48125354064738196
0.5036628416281401
0.5619741186148436
0.5190992038193131
0.5501663861805968
0.4582637768802148
0.478906527146954
0.5026498300906728
0.5793757367015817
0.44515040915810716
0.4866333918150553
0.544111531563059
Case #10:
0.5293770045067783
0.5654228578947711
0.556696029793092
0.517821153141479
0.3978527273127909
0.5228785707416198
0.4026245791949944
0.5598956847519447
0.45098077972681067
0.5025836842956308
0.48054005064587535
0.5456403447560473
0.5288602304968786
0.4142524648499235
0.524281914608461
0.47230479265573777
0.5130937033825855
0.4147819668118971
0.5191910889881877
0.46881224572836766
0.525257945852802
0.51942453708061
0.49648411222989475
0.49441712521203346
0.5586144483000292
0.5083817720802839
0.44410635846172425
0.5076215541806162
0.5423034880824005
0.5174488485110592
0.4912492987259385
0.4359669568283321
0.4546792545386029
0.5585264179972527
0.5437087250884773
0.5063493276611016
0.5205914744182418
0.5420988414799679
0.4431980320849364
0.4726650526385716
0.5466554469077305
0.5539094478415638
0.5422113601299823
0.453685281044268
0.5642794238501103
0.44274131374936754
0.395257989115467
0.4436958764141043
0.48904538374498396
0.5512804324113996
0.5318041543050118
0.562746826368931
0.5503883855435083
0.5588768081417086
0.4598406076005449
0.5286576286149347
0.5230365292599517
0.493533544595782
0.5205405965589953
0.5238823241903388
0.5303234907303668
0.4332043151315429
0.542269347522508
0.4518979003537635
0.4871464232352976
0.5150324132897427
0.5556288062950722
0.47761571079457565
0.5441257043431719
0.5348720725815702
0.45220529216185545
0.4681746211845926
0.4524077633063715
0.5389148542909571
0.39965894563469206
0.5256181775494644
0.5419366390370066
0.38984020620350435
0.4190211242145867
0.5226393641616152
0.5441099620643892
0.5451522058576539
0.5198687643047865
0.48365010843253115
0.5314896346280916
0.5111352448410938
0.5243229681986028
0.478953297266686
0.523850783007551
0.41021849295194845
0.5321512013148222
0.5347961533793295
0.4162830913717471
0.4823516959082015
0.5318574467480336
0.5606293030100649
0.4207095307494758
0.47029938580334824
0.5261267300146907
0.4804493584379521
Case #11:
0.5063131313131313
0.5744949494949495
0.4936868686868687
0.4785353535353535
0.5340909090909091
0.4962121212121212
0.4381313131313131
0.5366161616161617
0.5189393939393939
0.5517676767676768
0.523989898989899
0.4229797979797979
0.6047979797979797
0.5997474747474747
0.4305555555555555
0.43560606060606055
0.4507575757575757
0.6123737373737372
0.577020202020202
0.5441919191919192
0.5669191919191918
0.48863636363636354
0.5946969696969696
0.48611111111111105
0.3800505050505049
0.6224747474747474
0.38762626262626254
0.43308080808080807
0.6174242424242423
0.5542929292929293
0.5164141414141414
0.5037878787878787
0.5896464646464645
0.5492424242424242
0.49116161616161613
0.5795454545454545
0.5088383838383838
0.3901515151515151
0.5820707070707071
0.5845959595959596
0.3977272727272726
0.41035353535353525
0.5972222222222221
0.48358585858585856
0.5315656565656566
0.3952020202020201
0.4128787878787878
0.5618686868686869
0.3825757575757575
0.4987373737373737
0.529040404040404
0.6098484848484848
0.6148989898989898
0.4633838383838383
0.3749999999999999
0.4053030303030302
0.428030303030303
0.481060606060606
0.5921717171717171
0.5694444444444444
0.5593434343434344
0.587121212121212
0.4558080808080807
0.4709595959595959
0.476010101010101
0.6022727272727272
0.42550505050505044
0.5391414141414141
0.44065656565656564
0.625
0.4027777777777777
0.44570707070707066
0.5568181818181818
0.5265151515151515
0.37752525252525243
0.5416666666666666
0.5113636363636364
0.40782828282828276
0.46085858585858575
0.45833333333333326
0.5467171717171717
0.5138888888888888
0.6073232323232323
0.5643939393939393
0.47348484848484845
0.4179292929292928
0.4684343434343434
0.40025252525252514
0.41540404040404033
0.39267676767676757
0.38510101010101
0.42045454545454536
0.4482323232323232
0.4659090909090909
0.5719696969696969
0.5214646464646464
0.6199494949494949
0.4431818181818181
0.4532828282828282
0.5012626262626262
Case #12:
0.4583333333333333
0.39861111111111114
0.5069444444444444
0.3958333333333333
0.6875
0.7083333333333334
0.3402777777777778
0.6875
0.4444444444444445
0.6041666666666666
0.3171296296296296
0.5625
0.375
0.5416666666666666
0.6458333333333333
0.5625
0.37546296296296294
0.7083333333333334
0.44791666666666663
0.45138888888888884
0.8333333333333333
0.5
0.5
0.75
0.5305555555555556
0.5625
0.8645833333333334
0.296875
0.3972222222222222
0.5208333333333334
0.31527777777777777
0.3055555555555556
0.23333333333333334
0.7611111111111111
0.6083333333333334
0.5972222222222222
0.71875
0.3333333333333333
0.6666666666666666
0.6666666666666666
0.4125
0.7291666666666666
0.125
0.6770833333333333
0.6840277777777778
0.5625
0.59375
0.4212962962962963
0.3333333333333333
0.21875
0.1875
0.703125
0.3263888888888889
0.44791666666666663
0.4583333333333333
0.4604166666666666
0.4236111111111111
0.35416666666666663
0.15625
0.3958333333333333
0.6979166666666667
0.32291666666666663
0.6111111111111112
0.75
0.6805555555555556
0.25
0.49999999999999994
0.3819444444444444
0.5
0.7083333333333334
0.5555555555555556
0.3125
0.4375
0.4097222222222222
0.9166666666666666
0.4930555555555556
0.22916666666666666
0.8083333333333332
0.0625
0.5166666666666666
0.6111111111111112
0.5
0.6197916666666666
0.6527777777777778
0.5
0.5833333333333333
0.34375
0.6666666666666666
0.43749999999999994
0.625
0.29861111111111105
0.6569444444444444
0.5104166666666666
0.5625
0.4375
0.8125
0.2361111111111111
0.5229166666666667
0.475
0.2513888888888889
Case #13:
0.5450225046429189
0.44004599438557773
0.4107703329240877
0.39742038662186147
0.574363372391264
0.4515142524272612
0.5306145711200655
0.5311907383185906
0.550615339675106
0.44780731973941335
0.4405844890874626
0.4938831019682045
0.566064830364603
0.5226211930484734
0.3827140323489599
0.45123029597292663
0.5138546064915012
0.5324914795249466
0.48125844909579174
0.47132764412900696
0.5175975837975129
0.4834555295267377
0.5461619266676013
0.545101783096879
0.5677305223230418
0.4446949096418636
0.3696855985299118
0.572759273876601
0.49829478304642294
0.5530803105510346
0.49082010270563914
0.5394036262184191
0.5043712679029603
0.5228478080509482
0.39250877136175133
0.42857406808355114
0.5486223048573488
0.5017041698438762
0.5033525444547127
0.5187278830037678
0.5345856976414551
0.5387390516196455
0.43000714881074176
0.5758681409067508
0.48072641103954294
0.5482888373908715
0.45382041671555995
0.5353195405044332
0.4931423036141637
0.5179845822376558
0.4612093666347015
0.45525032930338233
0.524344146648639
0.5314372363180547
0.4768968101854503
0.5361531806692414
0.5181611640172443
0.49361614675376647
0.564836008651395
0.5036997328763886
0.37912738225622855
0.522460869273116
0.5709191421699715
0.46716656030973247
0.5359438260155516
0.5074046174661273
0.4923628400718616
0.5381275706796033
0.48185322583627704
0.5239234547334799
0.4781085921881928
0.5394291178707837
0.5456390837832793
0.4767192626648981
0.5211133448424551
0.48090743997458274
0.48759171670917206
0.5035118068459563
0.5158017965328592
0.42218576266166097
0.5264236690806624
0.4952493195284821
0.5387752886721788
0.4127764760709979
0.518006433372211
0.523287135311719
0.5103900483743062
0.5135094783630538
0.5444630103685821
0.4828224749688479
0.4573567325642743
0.5340291393242967
0.5732749880517276
0.44942796376855243
0.5387709449557896
0.432920755132331
0.5103483817171593
0.5244646120587465
0.4775764435467154
0.49394177525609684
Case #14:
0.5289395156210632
0.5308305874433107
0.5462829113126733
0.47596789616052176
0.5266325462063133
0.47933229177914555
0.5013087758251449
0.5143287725970017
0.4035078252944696
0.4937911391408415
0.47153118307508185
0.5214906147644243
0.4609993071302595
0.5465997417485512
Case #15:
0.5
0.5
0.5
0.5
0.5
0.5
0.5
0.5
0.5
0.5
0.5
0.4999999999999999
0.5
0.5
0.5
0.4999999999999999
0.4999999999999999
0.5
0.5
0.5
0.5
0.4999999999999999
0.5
0.5
0.5
0.5
0.5
0.5
0.5
0.4999999999999999
0.5
0.4999999999999999
0.5
0.4999999999999999
0.5
0.5
0.5
0.5
0.5
0.5
0.5
0.4999999999999999
0.5
0.5
0.5
0.4999999999999999
0.5
0.5
0.5
0.5
0.5
0.5
0.5
0.4999999999999999
0.5
0.5
0.5
0.5
0.5
0.5
0.5
0.5
0.5
0.5
0.5
0.5
0.5
0.5
0.5
0.5
0.4999999999999999
0.5
0.5
0.5
0.4999999999999999
0.5
0.5
0.5
0.5
0.5
0.5
0.5
0.5
0.5
0.5
0.5
0.5
0.5
0.5
0.5000000000000001
0.5
0.5
0.5
0.5
0.5
0.5
0.5
0.5
0.5
Case #16:
0.4027777777777778
0.5
0.3958333333333333
0.6458333333333333
0.6875
0.7291666666666666
0.5138888888888888
0.6805555555555556
0.4444444444444444
0.7708333333333333
0.2916666666666667
0.5972222222222222
0.5208333333333333
0.6620370370370371
0.6458333333333333
0.10416666666666666
0.4166666666666667
0.25
0.5208333333333333
0.2708333333333333
0.3125
0.3425925925925926
0.6666666666666666
Case #17:
0.4925226392186207
0.510166762364177
0.5068298858644255
0.4366762711214954
0.534109026391268
0.5161775373288519
0.4962694759174501
0.5052099710021105
0.4935355937027987
0.575706013520574
0.48092708898979525
0.5153675338258948
0.5732495692457341
0.5505821491093766
0.5217816819153821
0.49427013895735594
0.4317116949715634
0.5248390238710031
0.5343668670603063
0.4991724475199432
0.516558794878083
0.4592805603534836
0.37807515310970813
0.43560818595790196
Case #18:
0.5121280736310159
0.407486159174816
0.541651133101761
0.4761005518680753
0.5123760673623389
0.5035323206272395
0.5404089503229481
0.5575099847207867
0.5055311676156372
0.5285999971381694
0.5602546442409084
0.5118995501811063
0.537384075982126
0.41022062391146263
0.48666335384365034
0.5502445263321357
0.45966267738736144
0.531901324035343
0.3942392804488257
0.5507520347028758
0.44075763487378783
0.47876759252941253
0.39962262241185803
0.4535828507341492
0.507995757858366
0.5285950863779765
0.5675247237921175
0.5576841914354236
0.5252005838954769
0.4447068852634529
0.5757446303810231
0.5172322197255487
0.5414819805191698
0.5275879870388955
0.49088740377628853
0.42928733097962424
0.4387980263007866
0.5125849630490844
0.40974950296223706
0.48792380051231865
0.44945286178924637
0.553379654408065
0.5491083296687125
0.5366405954684934
Case #19:
0.625
0.6224747474747475
0.6199494949494949
0.6174242424242424
0.6148989898989898
0.6123737373737373
0.6098484848484849
0.6073232323232323
0.6047979797979798
0.6022727272727273
0.5997474747474747
0.5972222222222222
0.5946969696969697
0.5921717171717171
0.5896464646464646
0.5871212121212122
0.5845959595959596
0.5820707070707071
0.5795454545454546
0.577020202020202
0.5744949494949495
0.571969696969697
0.5694444444444444
0.5669191919191919
0.5643939393939394
0.5618686868686869
0.5593434343434344
0.5568181818181819
0.5542929292929293
0.5517676767676768
0.5492424242424243
0.5467171717171717
0.5441919191919192
0.5416666666666666
0.5391414141414141
0.5366161616161617
0.5340909090909091
0.5315656565656566
0.529040404040404
0.5265151515151515
0.523989898989899
0.5214646464646464
0.5189393939393939
0.5164141414141414
0.5138888888888888
0.5113636363636364
0.5088383838383839
0.5063131313131313
0.5037878787878788
0.5012626262626263
0.49873737373737376
0.4962121212121212
0.4936868686868687
0.49116161616161613
0.48863636363636365
0.4861111111111111
0.48358585858585856
0.4810606060606061
0.47853535353535354
0.476010101010101
0.4734848484848485
0.47095959595959597
0.4684343434343434
0.46590909090909094
0.4633838383838384
0.46085858585858586
0.4583333333333333
0.45580808080808083
0.4532828282828283
0.45075757575757575
0.4482323232323232
0.4457070707070707
0.4431818181818182
0.44065656565656564
0.43813131313131315
0.4356060606060606
0.43308080808080807
0.4305555555555556
0.42803030303030304
0.4255050505050505
0.42297979797979796
0.42045454545454547
0.41792929292929293
0.4154040404040404
0.4128787878787879
0.41035353535353536
0.4078282828282828
0.4053030303030303
0.4027777777777778
0.40025252525252525
0.3977272727272727
0.3952020202020202
0.3926767676767677
0.39015151515151514
0.38762626262626265
0.3851010101010101
0.38257575757575757
0.380050505050505
0.37752525252525254
0.375
Case #20:
0.42340868192267594
0.5112064659763098
0.5174067305501018
0.5384118185667377
0.5192702813873287
0.5289137036508491
0.4309313893999345
0.5037528855038905
0.4937687046440026
0.5127877160385279
0.5431401363734651
0.48314541578612674
0.4542353864616502
0.47789582177481077
0.48368696566260394
0.46039324377629465
0.4577751961768634
0.5172682428873506
0.556087453845579
0.48845528932058235
0.5410730396550212
0.49871807173768445
0.4563500084757702
0.5525860705276763
0.5047116365487565
0.5518390606782635
0.5457510627920776
0.4418598638779258
0.5365672287116514
0.4755280976492309
0.5161091792073869
0.47970538810588126
0.49865633887396066
0.4476704933806594
0.5468845855310617
0.5300594631349679
0.5013312304340238
0.5277686907868513
0.4790030864672292
0.564113886626566
0.5068246646175432
0.4336286867646696
0.5086019520988696
0.5214571346923971
0.4947949709265013
0.5445558533255104
0.41120051173795846
0.5160670123571638
0.5085425523945312
0.535976138773011
0.5073918762733033
0.5221042497212774
0.5441134547077653
0.4623054337910571
0.5127530744501756
0.5458332609293077
0.47033787006109257
0.48090634243340014
0.46476322966750916
0.444795759036879
0.44947256166904115
0.5155023965119109
0.5330910913037529
0.5211833129691368
0.44667022603756185
0.49850302129856444
0.537362481893151
0.527405103197482
0.4407217881468999
0.5197101424899555
0.5205004261277427
0.5084345350811026
0.5108953659808573
0.5100088249382401
0.5114510067239448
0.42349311170060594
0.5438801613225062
0.542522033817898
0.5023925068494557
0.49857101719189667
0.49151615380230784
0.5072705402273132
0.4311898168446019
0.42515763743003787
0.43103116594360874
0.4747697326270426
0.5071579628814786
0.4979161190073421
0.5310584189801739
0.5061944309756978
0.4906177180570703
0.543719737964423
0.5201328534122015
0.5259690072704001
0.5437409838464048
