Case #1:
0.5
0.5
0.5
Case #2:
0.6458333333333333
0.3680555555555555
0.6041666666666666
0.3958333333333333
Case #3:
0.46673044217687076
0.49993356717687076
0.4907336545729403
0.5311835671768708
0.5956703514739229
0.5046768707482993
0.5393079850988014
0.4222151360544218
0.45041909620991255
Case #4:
0.5525054664723033
0.3880423955296404
0.5830616969009826
0.44547193877551017
0.45526998299319726
0.45440287226001513
0.5512294501133786
0.4785357952704891
0.5337707270408164
0.5530172902494331
Case #5:
0.5
0.375
0.625
Case #6:
0.625
0.5972222222222222
0.5694444444444444
0.5416666666666666
0.5138888888888888
0.4861111111111111
0.4583333333333333
0.4305555555555556
0.4027777777777778
0.375
Case #7:
0.625
0.5
0.375
Case #8:
0.6736111111111112
0.5625
0.5104166666666666
0.375
0.1875
0.625
0.47916666666666663
0.5069444444444444
0.4583333333333333
0.65625
Case #9:
0.625
0.5
0.375
Case #10:
0.4583333333333333
0.25
0.75
0.5416666666666666
Case #11:
0.3854166666666667
0.4041666666666667
0.3194444444444444
0.35625
0.5966666666666667
0.5625
0.6479166666666667
0.4375
0.8
0.3958333333333333
Case #12:
0.375
0.625
0.4583333333333333
0.4305555555555556
0.4861111111111111
0.5138888888888888
0.5972222222222222
0.5416666666666666
0.5694444444444444
0.4027777777777778
Case #13:
0.38025462962962964
0.27152777777777776
0.4901388888888888
0.6122916666666667
0.5465277777777777
0.49006944444444445
0.44098611111111113
0.48763888888888884
0.6414861111111112
Case #14:
0.6150285808767951
0.5691750962537793
0.4447519546012849
0.4884879298941799
0.5048444290910808
0.47647141321806497
0.48781907438901484
0.5015459656084655
0.5662981121267952
0.35198668587805493
Case #15:
0.0
0.1875
0.25
0.5
0.75
0.8125
1.0
Case #16:
0.6180555555555556
0.4722222222222222
0.4375
0.4791666666666667
0.3819444444444444
0.41666666666666663
0.5416666666666666
0.611111111111111
Case #17:
0.5263888888888888
0.38055555555555554
0.4027777777777778
0.42361111111111105
0.846875
0.5291666666666666
0.38055555555555554
0.721875
0.4375
Case #18:
0.41333333333333333
0.5419444444444445
0.538125
0.538125
0.49645833333333333
0.5533333333333333
0.41312499999999996
Case #19:
0.6319444444444444
0.4652777777777778
0.18055555555555555
0.4895833333333333
0.4895833333333333
0.375
0.7708333333333333
Case #20:
0.5
0.49999999999999994
0.5
0.5
0.49999999999999994
0.5
0.49999999999999994
0.5
0.49999999999999994
