Case #1: [E, A]
Case #2: [R, I, R]
Case #3: [F, D, T]
Case #4: [Z, E, R, A]
Case #5: []
Case #6: [H, H, R, E, Q, Q, R, D]
Case #7: [R, I, W, D, Q, D, D, D, R]
Case #8: [W]
Case #9: [Q, R, S]
Case #10: [Q, E, R, E, A, W, J, E, D]
Case #11: [F, R, M, A, S]
Case #12: [Q, D, D]
Case #13: [W, A, A, A, R, K]
Case #14: [R, W, R, D]
Case #15: [F, S, S, S, W, A, U, R, W]
Case #16: []
Case #17: [R, B, E, S, Q, S, A, A, E]
Case #18: [Q, S, D, Y]
Case #19: [F, E, A, H, D, R, D, S, R]
Case #20: [A]
Case #21: [A, A, D, Q]
Case #22: [E, D]
Case #23: [S, W, R, W, R]
Case #24: [F, S, N, D, D, R, R, R, S]
Case #25: [A]
Case #26: [J, A, S, A, E, E, R, Q, A]
Case #27: [A, W, A, R, E, N, E, S, S]
Case #28: [F, R]
Case #29: [F, E, F, Q, W, W, M, W, F]
Case #30: [N, N, W, E, E, E, W, E]
Case #31: [F, A, F, O, R, W]
Case #32: [W, Y, Y, Y, S, A, D]
Case #33: [A, R, D, Q, Z, S, Q, R, Q]
Case #34: [D]
Case #35: [F]
Case #36: [R, I, S, Q, S, Q, E, S, A]
Case #37: [D, C, S, S, F, Q, C, D]
Case #38: [D, R, P, P, S]
Case #39: [S, W, F, R, Y, F, D, R, R]
Case #40: [R, S, X, S, S, Q, A, F, R]
Case #41: [A, D, E, R, A, D, Q, P, Q]
Case #42: [R, R, W, F, D, A, E, F, O]
Case #43: [R, S, Q]
Case #44: [A, S, R, H, E, F, A, S, E]
Case #45: [R, S, D, E, E, D, F, V, F]
Case #46: []
Case #47: [S, R, E, E, A, M, S, R, Q]
Case #48: [R]
Case #49: [F, A, A, Q, D, X]
Case #50: [A, R, W, A, R, E, M, W, E]
Case #51: [A]
Case #52: [Q, Q, W, E, R, G, D, F, S]
Case #53: []
Case #54: [W, S, Q, S, R, Z, S, D, F]
Case #55: [N, R, D, E, W, R, D, S, F]
Case #56: [A, R, W, W, E, P, W, A, W]
Case #57: []
Case #58: [Z, Z, Z, Z, Z]
Case #59: [F, V, W, A, R, A, W, E, R]
Case #60: [A, D, S, J, F, D, E, E, D]
Case #61: [F, W, S, F, F, J, F, E, A]
Case #62: [A, D, D, S, F, F, N, R, S]
Case #63: [A, A, E, W, D, F, E, P, F]
Case #64: [D, W, Q, X, X, W, R, Q]
Case #65: [Q, Q, R, F, F, W, A, I, S]
Case #66: [R, D, L, L, D, A, A, E]
Case #67: []
Case #68: [R, W]
Case #69: [Z, S, S, A, F, S, R, D, W]
Case #70: [R, R, Z, R, R, R, A, F, A]
Case #71: [D, E, A, F, D, E, A, R, S]
Case #72: []
Case #73: [D, S]
Case #74: [Q, S, H, H, W]
Case #75: [F]
Case #76: [Q, Q, D, A, D, V, Q, F, F]
Case #77: [V, A, V, D, D, Q, S, R]
Case #78: [E, K, E, W, W]
Case #79: [S, R, R, A, A, P, A, W, A]
Case #80: [Q, D, S, O, S, E, W, W, D]
Case #81: [F, A, S, Q, S, E, F, K, D]
Case #82: [D, Q, R, E]
Case #83: [D, S, W, Q, Y, W, W, S, E]
Case #84: [P, W, F, A, F, E, A, Q, D]
Case #85: [A, A, A, A, A, A, A, A, A, A]
Case #86: [D, S, D]
Case #87: [A, S, R, E, O, F, A, F, S]
Case #88: [F, T, R, W, W, W, W, W, E]
Case #89: [K, Q]
Case #90: [A, J, W, D, E, J, R, Q]
Case #91: [E, P, W, F, Q, P, Q, D]
Case #92: [E, F, R, B, A, Q, S, R, R]
Case #93: [Q, W, Y, W, D, A, E, D, A]
Case #94: [S, A, Q]
Case #95: []
Case #96: [W, F, D, S, M, A, S, R, A]
Case #97: [W, W, A, N, F, Q, E, D, F]
Case #98: [E]
Case #99: [Q, E]
Case #100: [R, F, I, W, F, Q, S, D, W]
